2018-06-21 01:02:17.301  WARN 70110 --- [wasd10 housekeeper] com.zaxxer.hikari.pool.HikariPool        : wasd10 - Thread starvation or clock leap detected (housekeeper delta=2h15m20s315ms).
2018-06-21 03:02:30.199  WARN 70110 --- [wasd10 housekeeper] com.zaxxer.hikari.pool.HikariPool        : wasd10 - Thread starvation or clock leap detected (housekeeper delta=2h12s905ms).
2018-06-21 04:51:30.288  WARN 70110 --- [wasd10 housekeeper] com.zaxxer.hikari.pool.HikariPool        : wasd10 - Thread starvation or clock leap detected (housekeeper delta=1h49m118ms).
2018-06-21 07:31:52.531  WARN 70110 --- [wasd10 housekeeper] com.zaxxer.hikari.pool.HikariPool        : wasd10 - Thread starvation or clock leap detected (housekeeper delta=2h40m22s248ms).
2018-06-21 08:08:47.474  WARN 70110 --- [wasd10 housekeeper] com.zaxxer.hikari.pool.HikariPool        : wasd10 - Thread starvation or clock leap detected (housekeeper delta=21m54s810ms).
2018-06-21 08:37:53.260  WARN 70110 --- [wasd10 housekeeper] com.zaxxer.hikari.pool.HikariPool        : wasd10 - Thread starvation or clock leap detected (housekeeper delta=28m35s784ms).
2018-06-21 08:47:34.238  WARN 70110 --- [wasd10 housekeeper] com.zaxxer.hikari.pool.HikariPool        : wasd10 - Thread starvation or clock leap detected (housekeeper delta=8m10s971ms).
2018-06-21 09:43:20.589  WARN 70110 --- [wasd10 housekeeper] com.zaxxer.hikari.pool.HikariPool        : wasd10 - Thread starvation or clock leap detected (housekeeper delta=40m46s258ms).
2018-06-21 10:24:16.927  WARN 70110 --- [wasd10 housekeeper] com.zaxxer.hikari.pool.HikariPool        : wasd10 - Thread starvation or clock leap detected (housekeeper delta=25m56s255ms).
2018-06-21 11:29:04.005  WARN 70110 --- [wasd10 housekeeper] com.zaxxer.hikari.pool.HikariPool        : wasd10 - Thread starvation or clock leap detected (housekeeper delta=1h4m47s78ms).
2018-06-21 11:34:07.006  WARN 70110 --- [wasd10 housekeeper] com.zaxxer.hikari.pool.HikariPool        : wasd10 - Thread starvation or clock leap detected (housekeeper delta=4m32s995ms).
2018-06-21 12:23:58.025  WARN 70110 --- [wasd10 housekeeper] com.zaxxer.hikari.pool.HikariPool        : wasd10 - Thread starvation or clock leap detected (housekeeper delta=20m50s845ms).
2018-06-21 13:06:41.802  WARN 70110 --- [wasd10 housekeeper] com.zaxxer.hikari.pool.HikariPool        : wasd10 - Thread starvation or clock leap detected (housekeeper delta=42m43s777ms).
2018-06-21 15:08:56.427  WARN 70110 --- [wasd10 housekeeper] com.zaxxer.hikari.pool.HikariPool        : wasd10 - Thread starvation or clock leap detected (housekeeper delta=1m13s785ms).
2018-06-21 15:32:27.305  WARN 70110 --- [wasd10 housekeeper] com.zaxxer.hikari.pool.HikariPool        : wasd10 - Thread starvation or clock leap detected (housekeeper delta=12m58s575ms).
2018-06-21 15:49:32.154  WARN 70110 --- [wasd10 housekeeper] com.zaxxer.hikari.pool.HikariPool        : wasd10 - Thread starvation or clock leap detected (housekeeper delta=17m4s849ms).
2018-06-21 17:05:48.025  WARN 70110 --- [wasd10 housekeeper] com.zaxxer.hikari.pool.HikariPool        : wasd10 - Thread starvation or clock leap detected (housekeeper delta=1h16m15s871ms).
2018-06-21 17:47:21.828  WARN 70110 --- [wasd10 housekeeper] com.zaxxer.hikari.pool.HikariPool        : wasd10 - Thread starvation or clock leap detected (housekeeper delta=41m3s793ms).
2018-06-21 18:44:23.253  WARN 70110 --- [wasd10 housekeeper] com.zaxxer.hikari.pool.HikariPool        : wasd10 - Thread starvation or clock leap detected (housekeeper delta=15m31s121ms).
2018-06-21 19:10:53.126  WARN 70110 --- [wasd10 housekeeper] com.zaxxer.hikari.pool.HikariPool        : wasd10 - Retrograde clock change detected (housekeeper delta=29s564ms), soft-evicting connections from pool.
2018-06-21 19:12:08.381  WARN 70110 --- [wasd10 housekeeper] com.zaxxer.hikari.pool.HikariPool        : wasd10 - Thread starvation or clock leap detected (housekeeper delta=1m15s208ms).
